<?xml version="1.0" encoding="UTF-8"?>
<!-- Generated by org.testng.reporters.JUnitReportReporter -->
<testsuite hostname="DESKTOP-GLEKVMM" failures="0" tests="1" name="tests.SD2_Invalid_Credentials_Login" time="2.358" errors="0" timestamp="2025-10-01T13:45:14 CST" skipped="0">
  <testcase classname="tests.SD2_Invalid_Credentials_Login" name="test_SD2_Invalid_Credentials_Login" time="2.358">
    <system-out>
      <![CDATA[1. Navigate to: https://www.saucedemo.com
Navigated to https://www.saucedemo.com/
2. Write username: 'invalid_user'
3. Write password: 'wrong_password'
4. click 'Login' button
Element clicked
Successfully Signed In with the INVALID account
5. Verify 'Epic sadface: Username and password do not match any user in this service' error message
Error message displayed correctly
6. Verify page stays in LoginPage
Current page:  'https://www.saucedemo.com/']]>
    </system-out>
  </testcase> <!-- test_SD2_Invalid_Credentials_Login -->
  <system-out>
    <![CDATA[1. Navigate to: https://www.saucedemo.com
Navigated to https://www.saucedemo.com/
2. Write username: 'invalid_user'
3. Write password: 'wrong_password'
4. click 'Login' button
Element clicked
Successfully Signed In with the INVALID account
5. Verify 'Epic sadface: Username and password do not match any user in this service' error message
Error message displayed correctly
6. Verify page stays in LoginPage
Current page:  'https://www.saucedemo.com/']]>
  </system-out>
</testsuite> <!-- tests.SD2_Invalid_Credentials_Login -->
