<?xml version="1.0" encoding="UTF-8"?>
<!-- Generated by org.testng.reporters.JUnitReportReporter -->
<testsuite hostname="DESKTOP-GLEKVMM" failures="0" tests="1" name="tests.SD4_Remove_Product_From_Cart" time="2.580" errors="0" timestamp="2025-10-04T14:10:27 CST" skipped="0">
  <testcase classname="tests.SD4_Remove_Product_From_Cart" name="test_SD4_Remove_Product_From_Cart" time="2.580">
    <system-out>
      <![CDATA[1. Complete a successful login
Navigated to https://www.saucedemo.com/
Element clicked
Successfully Signed In with the STANDARD account
2. Add saucelabs backpack to cart
Element clicked
Sauce Labs backpack added to cart.
3. Click 'Remove' button
Element clicked
Sauce Labs backpack product removed.
4. Verify button changed to 'Add to cart'
Element visible
Element displayed
Sauce Labs backpack add to cart button displayed.
5. Verify Shoppin cart badge changed to '0'
Element visible
No Elements in Cart Badge]]>
    </system-out>
  </testcase> <!-- test_SD4_Remove_Product_From_Cart -->
  <system-out>
    <![CDATA[1. Complete a successful login
Navigated to https://www.saucedemo.com/
Element clicked
Successfully Signed In with the STANDARD account
2. Add saucelabs backpack to cart
Element clicked
Sauce Labs backpack added to cart.
3. Click 'Remove' button
Element clicked
Sauce Labs backpack product removed.
4. Verify button changed to 'Add to cart'
Element visible
Element displayed
Sauce Labs backpack add to cart button displayed.
5. Verify Shoppin cart badge changed to '0'
Element visible
No Elements in Cart Badge]]>
  </system-out>
</testsuite> <!-- tests.SD4_Remove_Product_From_Cart -->
