<?xml version="1.0" encoding="UTF-8"?>
<!-- Generated by org.testng.reporters.JUnitReportReporter -->
<testsuite hostname="DESKTOP-GLEKVMM" failures="0" tests="1" name="tests.SD1_LogIn_Functionality" time="2.487" errors="0" timestamp="2025-09-29T14:46:23 CST" skipped="0">
  <testcase classname="tests.SD1_LogIn_Functionality" name="test_SD1_LogIn_Functionality" time="2.487"/>
</testsuite> <!-- tests.SD1_LogIn_Functionality -->
