<?xml version="1.0" encoding="UTF-8"?>
<!-- Generated by org.testng.reporters.JUnitReportReporter -->
<testsuite hostname="DESKTOP-GLEKVMM" failures="0" tests="1" name="tests.SD3_Add_tems_To_Cart" time="2.441" errors="0" timestamp="2025-10-06T13:09:19 CST" skipped="0">
  <testcase classname="tests.SD3_Add_tems_To_Cart" name="test_SD3_AddI_tems_To_Cart" time="2.441">
    <system-out>
      <![CDATA[1. Complete a successful login
Navigated to https://www.saucedemo.com/
Element clicked
Successfully Signed In with the STANDARD account
2. Locate 'Sauce Labs backpack' item
3. Click 'Add to Cart' button
Element clicked
Sauce Labs backpack added to cart.
4. Verify button changed to 'Remove'
Element visible
Element displayed
Sauce Labs backpack remove button displayed.
5. Verify Shoppin cart badge changed to '1'
Element visible
Expected badge number: 1 Is the actual badge number: 1]]>
    </system-out>
  </testcase> <!-- test_SD3_AddI_tems_To_Cart -->
  <system-out>
    <![CDATA[1. Complete a successful login
Navigated to https://www.saucedemo.com/
Element clicked
Successfully Signed In with the STANDARD account
2. Locate 'Sauce Labs backpack' item
3. Click 'Add to Cart' button
Element clicked
Sauce Labs backpack added to cart.
4. Verify button changed to 'Remove'
Element visible
Element displayed
Sauce Labs backpack remove button displayed.
5. Verify Shoppin cart badge changed to '1'
Element visible
Expected badge number: 1 Is the actual badge number: 1]]>
  </system-out>
</testsuite> <!-- tests.SD3_Add_tems_To_Cart -->
