<?xml version="1.0" encoding="UTF-8"?>
<!-- Generated by org.testng.reporters.JUnitReportReporter -->
<testsuite hostname="DESKTOP-GLEKVMM" failures="0" tests="1" name="tests.SD1_Successful_Login" time="2.377" errors="0" timestamp="2025-10-01T12:43:50 CST" skipped="0">
  <testcase classname="tests.SD1_Successful_Login" name="test_SD1_Successful_Login" time="2.377">
    <system-out>
      <![CDATA[1. Navigate to: https://www.saucedemo.com
2. Write username: 'standard_user'
3. Write password: 'secret_sauce'
4. click 'Login' button
5. Verify Url changed to '/inventory.html'
6. Verificar que se muestra el título 'Products']]>
    </system-out>
  </testcase> <!-- test_SD1_Successful_Login -->
  <system-out>
    <![CDATA[1. Navigate to: https://www.saucedemo.com
2. Write username: 'standard_user'
3. Write password: 'secret_sauce'
4. click 'Login' button
5. Verify Url changed to '/inventory.html'
6. Verificar que se muestra el título 'Products']]>
  </system-out>
</testsuite> <!-- tests.SD1_Successful_Login -->
